
> temp-site@0.0.0 build
> docusaurus build

[INFO] [en] Creating an optimized production build...
[ERROR] Client bundle compiled with errors therefore further build is impossible.
Error: It looks like you're trying to use `tailwindcss` directly as a PostCSS plugin. The PostCSS plugin has moved to a separate package, so to continue using Tailwind CSS with PostCSS you'll need to install `@tailwindcss/postcss` and update your PostCSS configuration.

--------------------------

Error: It looks like you're trying to use `tailwindcss` directly as a PostCSS plugin. The PostCSS plugin has moved to a separate package, so to continue using Tailwind CSS with PostCSS you'll need to install `@tailwindcss/postcss` and update your PostCSS configuration.

--------------------------

Error: It looks like you're trying to use `tailwindcss` directly as a PostCSS plugin. The PostCSS plugin has moved to a separate package, so to continue using Tailwind CSS with PostCSS you'll need to install `@tailwindcss/postcss` and update your PostCSS configuration.

--------------------------

Error: It looks like you're trying to use `tailwindcss` directly as a PostCSS plugin. The PostCSS plugin has moved to a separate package, so to continue using Tailwind CSS with PostCSS you'll need to install `@tailwindcss/postcss` and update your PostCSS configuration.

--------------------------

Error: It looks like you're trying to use `tailwindcss` directly as a PostCSS plugin. The PostCSS plugin has moved to a separate package, so to continue using Tailwind CSS with PostCSS you'll need to install `@tailwindcss/postcss` and update your PostCSS configuration.

--------------------------

Error: It looks like you're trying to use `tailwindcss` directly as a PostCSS plugin. The PostCSS plugin has moved to a separate package, so to continue using Tailwind CSS with PostCSS you'll need to install `@tailwindcss/postcss` and update your PostCSS configuration.

--------------------------

Error: It looks like you're trying to use `tailwindcss` directly as a PostCSS plugin. The PostCSS plugin has moved to a separate package, so to continue using Tailwind CSS with PostCSS you'll need to install `@tailwindcss/postcss` and update your PostCSS configuration.

--------------------------

Error: It looks like you're trying to use `tailwindcss` directly as a PostCSS plugin. The PostCSS plugin has moved to a separate package, so to continue using Tailwind CSS with PostCSS you'll need to install `@tailwindcss/postcss` and update your PostCSS configuration.

--------------------------

Error: It looks like you're trying to use `tailwindcss` directly as a PostCSS plugin. The PostCSS plugin has moved to a separate package, so to continue using Tailwind CSS with PostCSS you'll need to install `@tailwindcss/postcss` and update your PostCSS configuration.

--------------------------

Error: It looks like you're trying to use `tailwindcss` directly as a PostCSS plugin. The PostCSS plugin has moved to a separate package, so to continue using Tailwind CSS with PostCSS you'll need to install `@tailwindcss/postcss` and update your PostCSS configuration.

--------------------------

Error: It looks like you're trying to use `tailwindcss` directly as a PostCSS plugin. The PostCSS plugin has moved to a separate package, so to continue using Tailwind CSS with PostCSS you'll need to install `@tailwindcss/postcss` and update your PostCSS configuration.

--------------------------

Error: It looks like you're trying to use `tailwindcss` directly as a PostCSS plugin. The PostCSS plugin has moved to a separate package, so to continue using Tailwind CSS with PostCSS you'll need to install `@tailwindcss/postcss` and update your PostCSS configuration.

--------------------------

Error: It looks like you're trying to use `tailwindcss` directly as a PostCSS plugin. The PostCSS plugin has moved to a separate package, so to continue using Tailwind CSS with PostCSS you'll need to install `@tailwindcss/postcss` and update your PostCSS configuration.

--------------------------

Error: It looks like you're trying to use `tailwindcss` directly as a PostCSS plugin. The PostCSS plugin has moved to a separate package, so to continue using Tailwind CSS with PostCSS you'll need to install `@tailwindcss/postcss` and update your PostCSS configuration.

--------------------------

Error: It looks like you're trying to use `tailwindcss` directly as a PostCSS plugin. The PostCSS plugin has moved to a separate package, so to continue using Tailwind CSS with PostCSS you'll need to install `@tailwindcss/postcss` and update your PostCSS configuration.

--------------------------

Error: It looks like you're trying to use `tailwindcss` directly as a PostCSS plugin. The PostCSS plugin has moved to a separate package, so to continue using Tailwind CSS with PostCSS you'll need to install `@tailwindcss/postcss` and update your PostCSS configuration.

--------------------------

Error: It looks like you're trying to use `tailwindcss` directly as a PostCSS plugin. The PostCSS plugin has moved to a separate package, so to continue using Tailwind CSS with PostCSS you'll need to install `@tailwindcss/postcss` and update your PostCSS configuration.

--------------------------

Error: It looks like you're trying to use `tailwindcss` directly as a PostCSS plugin. The PostCSS plugin has moved to a separate package, so to continue using Tailwind CSS with PostCSS you'll need to install `@tailwindcss/postcss` and update your PostCSS configuration.

--------------------------

Error: It looks like you're trying to use `tailwindcss` directly as a PostCSS plugin. The PostCSS plugin has moved to a separate package, so to continue using Tailwind CSS with PostCSS you'll need to install `@tailwindcss/postcss` and update your PostCSS configuration.

--------------------------

Error: It looks like you're trying to use `tailwindcss` directly as a PostCSS plugin. The PostCSS plugin has moved to a separate package, so to continue using Tailwind CSS with PostCSS you'll need to install `@tailwindcss/postcss` and update your PostCSS configuration.

--------------------------

Error: It looks like you're trying to use `tailwindcss` directly as a PostCSS plugin. The PostCSS plugin has moved to a separate package, so to continue using Tailwind CSS with PostCSS you'll need to install `@tailwindcss/postcss` and update your PostCSS configuration.

--------------------------

Error: It looks like you're trying to use `tailwindcss` directly as a PostCSS plugin. The PostCSS plugin has moved to a separate package, so to continue using Tailwind CSS with PostCSS you'll need to install `@tailwindcss/postcss` and update your PostCSS configuration.

--------------------------

Error: It looks like you're trying to use `tailwindcss` directly as a PostCSS plugin. The PostCSS plugin has moved to a separate package, so to continue using Tailwind CSS with PostCSS you'll need to install `@tailwindcss/postcss` and update your PostCSS configuration.

--------------------------

Error: It looks like you're trying to use `tailwindcss` directly as a PostCSS plugin. The PostCSS plugin has moved to a separate package, so to continue using Tailwind CSS with PostCSS you'll need to install `@tailwindcss/postcss` and update your PostCSS configuration.

--------------------------

Error: It looks like you're trying to use `tailwindcss` directly as a PostCSS plugin. The PostCSS plugin has moved to a separate package, so to continue using Tailwind CSS with PostCSS you'll need to install `@tailwindcss/postcss` and update your PostCSS configuration.

--------------------------

Error: It looks like you're trying to use `tailwindcss` directly as a PostCSS plugin. The PostCSS plugin has moved to a separate package, so to continue using Tailwind CSS with PostCSS you'll need to install `@tailwindcss/postcss` and update your PostCSS configuration.

--------------------------

Error: It looks like you're trying to use `tailwindcss` directly as a PostCSS plugin. The PostCSS plugin has moved to a separate package, so to continue using Tailwind CSS with PostCSS you'll need to install `@tailwindcss/postcss` and update your PostCSS configuration.

--------------------------

Error: It looks like you're trying to use `tailwindcss` directly as a PostCSS plugin. The PostCSS plugin has moved to a separate package, so to continue using Tailwind CSS with PostCSS you'll need to install `@tailwindcss/postcss` and update your PostCSS configuration.

--------------------------

Error: It looks like you're trying to use `tailwindcss` directly as a PostCSS plugin. The PostCSS plugin has moved to a separate package, so to continue using Tailwind CSS with PostCSS you'll need to install `@tailwindcss/postcss` and update your PostCSS configuration.

--------------------------

Error: It looks like you're trying to use `tailwindcss` directly as a PostCSS plugin. The PostCSS plugin has moved to a separate package, so to continue using Tailwind CSS with PostCSS you'll need to install `@tailwindcss/postcss` and update your PostCSS configuration.

--------------------------

Error: It looks like you're trying to use `tailwindcss` directly as a PostCSS plugin. The PostCSS plugin has moved to a separate package, so to continue using Tailwind CSS with PostCSS you'll need to install `@tailwindcss/postcss` and update your PostCSS configuration.

--------------------------

Error: It looks like you're trying to use `tailwindcss` directly as a PostCSS plugin. The PostCSS plugin has moved to a separate package, so to continue using Tailwind CSS with PostCSS you'll need to install `@tailwindcss/postcss` and update your PostCSS configuration.

--------------------------

Error: It looks like you're trying to use `tailwindcss` directly as a PostCSS plugin. The PostCSS plugin has moved to a separate package, so to continue using Tailwind CSS with PostCSS you'll need to install `@tailwindcss/postcss` and update your PostCSS configuration.

--------------------------

Error: It looks like you're trying to use `tailwindcss` directly as a PostCSS plugin. The PostCSS plugin has moved to a separate package, so to continue using Tailwind CSS with PostCSS you'll need to install `@tailwindcss/postcss` and update your PostCSS configuration.

--------------------------

Error: It looks like you're trying to use `tailwindcss` directly as a PostCSS plugin. The PostCSS plugin has moved to a separate package, so to continue using Tailwind CSS with PostCSS you'll need to install `@tailwindcss/postcss` and update your PostCSS configuration.

--------------------------

Error: It looks like you're trying to use `tailwindcss` directly as a PostCSS plugin. The PostCSS plugin has moved to a separate package, so to continue using Tailwind CSS with PostCSS you'll need to install `@tailwindcss/postcss` and update your PostCSS configuration.

--------------------------

Error: It looks like you're trying to use `tailwindcss` directly as a PostCSS plugin. The PostCSS plugin has moved to a separate package, so to continue using Tailwind CSS with PostCSS you'll need to install `@tailwindcss/postcss` and update your PostCSS configuration.

--------------------------

Error: It looks like you're trying to use `tailwindcss` directly as a PostCSS plugin. The PostCSS plugin has moved to a separate package, so to continue using Tailwind CSS with PostCSS you'll need to install `@tailwindcss/postcss` and update your PostCSS configuration.

--------------------------

Error: It looks like you're trying to use `tailwindcss` directly as a PostCSS plugin. The PostCSS plugin has moved to a separate package, so to continue using Tailwind CSS with PostCSS you'll need to install `@tailwindcss/postcss` and update your PostCSS configuration.

--------------------------

Error: It looks like you're trying to use `tailwindcss` directly as a PostCSS plugin. The PostCSS plugin has moved to a separate package, so to continue using Tailwind CSS with PostCSS you'll need to install `@tailwindcss/postcss` and update your PostCSS configuration.

--------------------------

Error: It looks like you're trying to use `tailwindcss` directly as a PostCSS plugin. The PostCSS plugin has moved to a separate package, so to continue using Tailwind CSS with PostCSS you'll need to install `@tailwindcss/postcss` and update your PostCSS configuration.

--------------------------

Error: It looks like you're trying to use `tailwindcss` directly as a PostCSS plugin. The PostCSS plugin has moved to a separate package, so to continue using Tailwind CSS with PostCSS you'll need to install `@tailwindcss/postcss` and update your PostCSS configuration.

--------------------------

Error: It looks like you're trying to use `tailwindcss` directly as a PostCSS plugin. The PostCSS plugin has moved to a separate package, so to continue using Tailwind CSS with PostCSS you'll need to install `@tailwindcss/postcss` and update your PostCSS configuration.

--------------------------

Error: It looks like you're trying to use `tailwindcss` directly as a PostCSS plugin. The PostCSS plugin has moved to a separate package, so to continue using Tailwind CSS with PostCSS you'll need to install `@tailwindcss/postcss` and update your PostCSS configuration.

--------------------------

Error: It looks like you're trying to use `tailwindcss` directly as a PostCSS plugin. The PostCSS plugin has moved to a separate package, so to continue using Tailwind CSS with PostCSS you'll need to install `@tailwindcss/postcss` and update your PostCSS configuration.

--------------------------

Error: It looks like you're trying to use `tailwindcss` directly as a PostCSS plugin. The PostCSS plugin has moved to a separate package, so to continue using Tailwind CSS with PostCSS you'll need to install `@tailwindcss/postcss` and update your PostCSS configuration.

--------------------------

Error: It looks like you're trying to use `tailwindcss` directly as a PostCSS plugin. The PostCSS plugin has moved to a separate package, so to continue using Tailwind CSS with PostCSS you'll need to install `@tailwindcss/postcss` and update your PostCSS configuration.

--------------------------

Error: It looks like you're trying to use `tailwindcss` directly as a PostCSS plugin. The PostCSS plugin has moved to a separate package, so to continue using Tailwind CSS with PostCSS you'll need to install `@tailwindcss/postcss` and update your PostCSS configuration.

--------------------------

Error: It looks like you're trying to use `tailwindcss` directly as a PostCSS plugin. The PostCSS plugin has moved to a separate package, so to continue using Tailwind CSS with PostCSS you'll need to install `@tailwindcss/postcss` and update your PostCSS configuration.

--------------------------

Error: It looks like you're trying to use `tailwindcss` directly as a PostCSS plugin. The PostCSS plugin has moved to a separate package, so to continue using Tailwind CSS with PostCSS you'll need to install `@tailwindcss/postcss` and update your PostCSS configuration.

--------------------------

Error: It looks like you're trying to use `tailwindcss` directly as a PostCSS plugin. The PostCSS plugin has moved to a separate package, so to continue using Tailwind CSS with PostCSS you'll need to install `@tailwindcss/postcss` and update your PostCSS configuration.

--------------------------

Error: It looks like you're trying to use `tailwindcss` directly as a PostCSS plugin. The PostCSS plugin has moved to a separate package, so to continue using Tailwind CSS with PostCSS you'll need to install `@tailwindcss/postcss` and update your PostCSS configuration.

--------------------------

Error: It looks like you're trying to use `tailwindcss` directly as a PostCSS plugin. The PostCSS plugin has moved to a separate package, so to continue using Tailwind CSS with PostCSS you'll need to install `@tailwindcss/postcss` and update your PostCSS configuration.

--------------------------

Error: It looks like you're trying to use `tailwindcss` directly as a PostCSS plugin. The PostCSS plugin has moved to a separate package, so to continue using Tailwind CSS with PostCSS you'll need to install `@tailwindcss/postcss` and update your PostCSS configuration.

--------------------------

Error: It looks like you're trying to use `tailwindcss` directly as a PostCSS plugin. The PostCSS plugin has moved to a separate package, so to continue using Tailwind CSS with PostCSS you'll need to install `@tailwindcss/postcss` and update your PostCSS configuration.

--------------------------

Error: It looks like you're trying to use `tailwindcss` directly as a PostCSS plugin. The PostCSS plugin has moved to a separate package, so to continue using Tailwind CSS with PostCSS you'll need to install `@tailwindcss/postcss` and update your PostCSS configuration.

--------------------------

Error: It looks like you're trying to use `tailwindcss` directly as a PostCSS plugin. The PostCSS plugin has moved to a separate package, so to continue using Tailwind CSS with PostCSS you'll need to install `@tailwindcss/postcss` and update your PostCSS configuration.

--------------------------

Error: It looks like you're trying to use `tailwindcss` directly as a PostCSS plugin. The PostCSS plugin has moved to a separate package, so to continue using Tailwind CSS with PostCSS you'll need to install `@tailwindcss/postcss` and update your PostCSS configuration.

--------------------------

Error: It looks like you're trying to use `tailwindcss` directly as a PostCSS plugin. The PostCSS plugin has moved to a separate package, so to continue using Tailwind CSS with PostCSS you'll need to install `@tailwindcss/postcss` and update your PostCSS configuration.

--------------------------

Error: It looks like you're trying to use `tailwindcss` directly as a PostCSS plugin. The PostCSS plugin has moved to a separate package, so to continue using Tailwind CSS with PostCSS you'll need to install `@tailwindcss/postcss` and update your PostCSS configuration.

--------------------------

Error: It looks like you're trying to use `tailwindcss` directly as a PostCSS plugin. The PostCSS plugin has moved to a separate package, so to continue using Tailwind CSS with PostCSS you'll need to install `@tailwindcss/postcss` and update your PostCSS configuration.

--------------------------

Error: It looks like you're trying to use `tailwindcss` directly as a PostCSS plugin. The PostCSS plugin has moved to a separate package, so to continue using Tailwind CSS with PostCSS you'll need to install `@tailwindcss/postcss` and update your PostCSS configuration.

--------------------------

Error: It looks like you're trying to use `tailwindcss` directly as a PostCSS plugin. The PostCSS plugin has moved to a separate package, so to continue using Tailwind CSS with PostCSS you'll need to install `@tailwindcss/postcss` and update your PostCSS configuration.

--------------------------

Error: It looks like you're trying to use `tailwindcss` directly as a PostCSS plugin. The PostCSS plugin has moved to a separate package, so to continue using Tailwind CSS with PostCSS you'll need to install `@tailwindcss/postcss` and update your PostCSS configuration.

--------------------------

Error: It looks like you're trying to use `tailwindcss` directly as a PostCSS plugin. The PostCSS plugin has moved to a separate package, so to continue using Tailwind CSS with PostCSS you'll need to install `@tailwindcss/postcss` and update your PostCSS configuration.

--------------------------

Error: It looks like you're trying to use `tailwindcss` directly as a PostCSS plugin. The PostCSS plugin has moved to a separate package, so to continue using Tailwind CSS with PostCSS you'll need to install `@tailwindcss/postcss` and update your PostCSS configuration.

--------------------------

Error: It looks like you're trying to use `tailwindcss` directly as a PostCSS plugin. The PostCSS plugin has moved to a separate package, so to continue using Tailwind CSS with PostCSS you'll need to install `@tailwindcss/postcss` and update your PostCSS configuration.

--------------------------

Error: It looks like you're trying to use `tailwindcss` directly as a PostCSS plugin. The PostCSS plugin has moved to a separate package, so to continue using Tailwind CSS with PostCSS you'll need to install `@tailwindcss/postcss` and update your PostCSS configuration.

--------------------------

Error: It looks like you're trying to use `tailwindcss` directly as a PostCSS plugin. The PostCSS plugin has moved to a separate package, so to continue using Tailwind CSS with PostCSS you'll need to install `@tailwindcss/postcss` and update your PostCSS configuration.

--------------------------

Error: It looks like you're trying to use `tailwindcss` directly as a PostCSS plugin. The PostCSS plugin has moved to a separate package, so to continue using Tailwind CSS with PostCSS you'll need to install `@tailwindcss/postcss` and update your PostCSS configuration.

--------------------------

Error: It looks like you're trying to use `tailwindcss` directly as a PostCSS plugin. The PostCSS plugin has moved to a separate package, so to continue using Tailwind CSS with PostCSS you'll need to install `@tailwindcss/postcss` and update your PostCSS configuration.

--------------------------

Error: It looks like you're trying to use `tailwindcss` directly as a PostCSS plugin. The PostCSS plugin has moved to a separate package, so to continue using Tailwind CSS with PostCSS you'll need to install `@tailwindcss/postcss` and update your PostCSS configuration.

--------------------------

Error: It looks like you're trying to use `tailwindcss` directly as a PostCSS plugin. The PostCSS plugin has moved to a separate package, so to continue using Tailwind CSS with PostCSS you'll need to install `@tailwindcss/postcss` and update your PostCSS configuration.

--------------------------

Error: It looks like you're trying to use `tailwindcss` directly as a PostCSS plugin. The PostCSS plugin has moved to a separate package, so to continue using Tailwind CSS with PostCSS you'll need to install `@tailwindcss/postcss` and update your PostCSS configuration.

--------------------------

Error: It looks like you're trying to use `tailwindcss` directly as a PostCSS plugin. The PostCSS plugin has moved to a separate package, so to continue using Tailwind CSS with PostCSS you'll need to install `@tailwindcss/postcss` and update your PostCSS configuration.

--------------------------

Error: It looks like you're trying to use `tailwindcss` directly as a PostCSS plugin. The PostCSS plugin has moved to a separate package, so to continue using Tailwind CSS with PostCSS you'll need to install `@tailwindcss/postcss` and update your PostCSS configuration.

--------------------------

Error: It looks like you're trying to use `tailwindcss` directly as a PostCSS plugin. The PostCSS plugin has moved to a separate package, so to continue using Tailwind CSS with PostCSS you'll need to install `@tailwindcss/postcss` and update your PostCSS configuration.

--------------------------

Error: It looks like you're trying to use `tailwindcss` directly as a PostCSS plugin. The PostCSS plugin has moved to a separate package, so to continue using Tailwind CSS with PostCSS you'll need to install `@tailwindcss/postcss` and update your PostCSS configuration.

--------------------------

Error: It looks like you're trying to use `tailwindcss` directly as a PostCSS plugin. The PostCSS plugin has moved to a separate package, so to continue using Tailwind CSS with PostCSS you'll need to install `@tailwindcss/postcss` and update your PostCSS configuration.
-- inner error --
Error: It looks like you're trying to use `tailwindcss` directly as a PostCSS plugin. The PostCSS plugin has moved to a separate package, so to continue using Tailwind CSS with PostCSS you'll need to install `@tailwindcss/postcss` and update your PostCSS configuration.
Generated code for E:\Hoc\CyberSec\think-dfirent.github.io\node_modules\css-loader\dist\cjs.js??ruleSet[1].rules[6].use[1]!E:\Hoc\CyberSec\think-dfirent.github.io\node_modules\postcss-loader\dist\cjs.js??ruleSet[1].rules[6].use[2]!E:\Hoc\CyberSec\think-dfirent.github.io\node_modules\@docusaurus\theme-classic\lib\nprogress.css

--------------------------

Error: It looks like you're trying to use `tailwindcss` directly as a PostCSS plugin. The PostCSS plugin has moved to a separate package, so to continue using Tailwind CSS with PostCSS you'll need to install `@tailwindcss/postcss` and update your PostCSS configuration.
-- inner error --
Error: It looks like you're trying to use `tailwindcss` directly as a PostCSS plugin. The PostCSS plugin has moved to a separate package, so to continue using Tailwind CSS with PostCSS you'll need to install `@tailwindcss/postcss` and update your PostCSS configuration.
Generated code for E:\Hoc\CyberSec\think-dfirent.github.io\node_modules\css-loader\dist\cjs.js??ruleSet[1].rules[6].use[1]!E:\Hoc\CyberSec\think-dfirent.github.io\node_modules\postcss-loader\dist\cjs.js??ruleSet[1].rules[6].use[2]!E:\Hoc\CyberSec\think-dfirent.github.io\node_modules\infima\dist\css\default\default.css

--------------------------

Error: It looks like you're trying to use `tailwindcss` directly as a PostCSS plugin. The PostCSS plugin has moved to a separate package, so to continue using Tailwind CSS with PostCSS you'll need to install `@tailwindcss/postcss` and update your PostCSS configuration.
-- inner error --
Error: It looks like you're trying to use `tailwindcss` directly as a PostCSS plugin. The PostCSS plugin has moved to a separate package, so to continue using Tailwind CSS with PostCSS you'll need to install `@tailwindcss/postcss` and update your PostCSS configuration.
Generated code for E:\Hoc\CyberSec\think-dfirent.github.io\node_modules\css-loader\dist\cjs.js??ruleSet[1].rules[6].use[1]!E:\Hoc\CyberSec\think-dfirent.github.io\node_modules\postcss-loader\dist\cjs.js??ruleSet[1].rules[6].use[2]!E:\Hoc\CyberSec\think-dfirent.github.io\src\css\custom.css

--------------------------

Error: It looks like you're trying to use `tailwindcss` directly as a PostCSS plugin. The PostCSS plugin has moved to a separate package, so to continue using Tailwind CSS with PostCSS you'll need to install `@tailwindcss/postcss` and update your PostCSS configuration.
-- inner error --
Error: It looks like you're trying to use `tailwindcss` directly as a PostCSS plugin. The PostCSS plugin has moved to a separate package, so to continue using Tailwind CSS with PostCSS you'll need to install `@tailwindcss/postcss` and update your PostCSS configuration.
Generated code for E:\Hoc\CyberSec\think-dfirent.github.io\node_modules\css-loader\dist\cjs.js??ruleSet[1].rules[7].use[1]!E:\Hoc\CyberSec\think-dfirent.github.io\node_modules\postcss-loader\dist\cjs.js??ruleSet[1].rules[7].use[2]!E:\Hoc\CyberSec\think-dfirent.github.io\node_modules\@docusaurus\core\lib\client\BaseUrlIssueBanner\styles.module.css

--------------------------

Error: It looks like you're trying to use `tailwindcss` directly as a PostCSS plugin. The PostCSS plugin has moved to a separate package, so to continue using Tailwind CSS with PostCSS you'll need to install `@tailwindcss/postcss` and update your PostCSS configuration.
-- inner error --
Error: It looks like you're trying to use `tailwindcss` directly as a PostCSS plugin. The PostCSS plugin has moved to a separate package, so to continue using Tailwind CSS with PostCSS you'll need to install `@tailwindcss/postcss` and update your PostCSS configuration.
Generated code for E:\Hoc\CyberSec\think-dfirent.github.io\node_modules\css-loader\dist\cjs.js??ruleSet[1].rules[7].use[1]!E:\Hoc\CyberSec\think-dfirent.github.io\node_modules\postcss-loader\dist\cjs.js??ruleSet[1].rules[7].use[2]!E:\Hoc\CyberSec\think-dfirent.github.io\node_modules\@docusaurus\theme-classic\lib\theme\Admonition\Layout\styles.module.css

--------------------------

Error: It looks like you're trying to use `tailwindcss` directly as a PostCSS plugin. The PostCSS plugin has moved to a separate package, so to continue using Tailwind CSS with PostCSS you'll need to install `@tailwindcss/postcss` and update your PostCSS configuration.
-- inner error --
Error: It looks like you're trying to use `tailwindcss` directly as a PostCSS plugin. The PostCSS plugin has moved to a separate package, so to continue using Tailwind CSS with PostCSS you'll need to install `@tailwindcss/postcss` and update your PostCSS configuration.
Generated code for E:\Hoc\CyberSec\think-dfirent.github.io\node_modules\css-loader\dist\cjs.js??ruleSet[1].rules[7].use[1]!E:\Hoc\CyberSec\think-dfirent.github.io\node_modules\postcss-loader\dist\cjs.js??ruleSet[1].rules[7].use[2]!E:\Hoc\CyberSec\think-dfirent.github.io\node_modules\@docusaurus\theme-classic\lib\theme\AnnouncementBar\CloseButton\styles.module.css

--------------------------

Error: It looks like you're trying to use `tailwindcss` directly as a PostCSS plugin. The PostCSS plugin has moved to a separate package, so to continue using Tailwind CSS with PostCSS you'll need to install `@tailwindcss/postcss` and update your PostCSS configuration.
-- inner error --
Error: It looks like you're trying to use `tailwindcss` directly as a PostCSS plugin. The PostCSS plugin has moved to a separate package, so to continue using Tailwind CSS with PostCSS you'll need to install `@tailwindcss/postcss` and update your PostCSS configuration.
Generated code for E:\Hoc\CyberSec\think-dfirent.github.io\node_modules\css-loader\dist\cjs.js??ruleSet[1].rules[7].use[1]!E:\Hoc\CyberSec\think-dfirent.github.io\node_modules\postcss-loader\dist\cjs.js??ruleSet[1].rules[7].use[2]!E:\Hoc\CyberSec\think-dfirent.github.io\node_modules\@docusaurus\theme-classic\lib\theme\AnnouncementBar\Content\styles.module.css

--------------------------

Error: It looks like you're trying to use `tailwindcss` directly as a PostCSS plugin. The PostCSS plugin has moved to a separate package, so to continue using Tailwind CSS with PostCSS you'll need to install `@tailwindcss/postcss` and update your PostCSS configuration.
-- inner error --
Error: It looks like you're trying to use `tailwindcss` directly as a PostCSS plugin. The PostCSS plugin has moved to a separate package, so to continue using Tailwind CSS with PostCSS you'll need to install `@tailwindcss/postcss` and update your PostCSS configuration.
Generated code for E:\Hoc\CyberSec\think-dfirent.github.io\node_modules\css-loader\dist\cjs.js??ruleSet[1].rules[7].use[1]!E:\Hoc\CyberSec\think-dfirent.github.io\node_modules\postcss-loader\dist\cjs.js??ruleSet[1].rules[7].use[2]!E:\Hoc\CyberSec\think-dfirent.github.io\node_modules\@docusaurus\theme-classic\lib\theme\AnnouncementBar\styles.module.css

--------------------------

Error: It looks like you're trying to use `tailwindcss` directly as a PostCSS plugin. The PostCSS plugin has moved to a separate package, so to continue using Tailwind CSS with PostCSS you'll need to install `@tailwindcss/postcss` and update your PostCSS configuration.
-- inner error --
Error: It looks like you're trying to use `tailwindcss` directly as a PostCSS plugin. The PostCSS plugin has moved to a separate package, so to continue using Tailwind CSS with PostCSS you'll need to install `@tailwindcss/postcss` and update your PostCSS configuration.
Generated code for E:\Hoc\CyberSec\think-dfirent.github.io\node_modules\css-loader\dist\cjs.js??ruleSet[1].rules[7].use[1]!E:\Hoc\CyberSec\think-dfirent.github.io\node_modules\postcss-loader\dist\cjs.js??ruleSet[1].rules[7].use[2]!E:\Hoc\CyberSec\think-dfirent.github.io\node_modules\@docusaurus\theme-classic\lib\theme\BackToTopButton\styles.module.css

--------------------------

Error: It looks like you're trying to use `tailwindcss` directly as a PostCSS plugin. The PostCSS plugin has moved to a separate package, so to continue using Tailwind CSS with PostCSS you'll need to install `@tailwindcss/postcss` and update your PostCSS configuration.
-- inner error --
Error: It looks like you're trying to use `tailwindcss` directly as a PostCSS plugin. The PostCSS plugin has moved to a separate package, so to continue using Tailwind CSS with PostCSS you'll need to install `@tailwindcss/postcss` and update your PostCSS configuration.
Generated code for E:\Hoc\CyberSec\think-dfirent.github.io\node_modules\css-loader\dist\cjs.js??ruleSet[1].rules[7].use[1]!E:\Hoc\CyberSec\think-dfirent.github.io\node_modules\postcss-loader\dist\cjs.js??ruleSet[1].rules[7].use[2]!E:\Hoc\CyberSec\think-dfirent.github.io\node_modules\@docusaurus\theme-classic\lib\theme\BlogPostItem\Header\Authors\styles.module.css

--------------------------

Error: It looks like you're trying to use `tailwindcss` directly as a PostCSS plugin. The PostCSS plugin has moved to a separate package, so to continue using Tailwind CSS with PostCSS you'll need to install `@tailwindcss/postcss` and update your PostCSS configuration.
-- inner error --
Error: It looks like you're trying to use `tailwindcss` directly as a PostCSS plugin. The PostCSS plugin has moved to a separate package, so to continue using Tailwind CSS with PostCSS you'll need to install `@tailwindcss/postcss` and update your PostCSS configuration.
Generated code for E:\Hoc\CyberSec\think-dfirent.github.io\node_modules\css-loader\dist\cjs.js??ruleSet[1].rules[7].use[1]!E:\Hoc\CyberSec\think-dfirent.github.io\node_modules\postcss-loader\dist\cjs.js??ruleSet[1].rules[7].use[2]!E:\Hoc\CyberSec\think-dfirent.github.io\node_modules\@docusaurus\theme-classic\lib\theme\BlogPostItem\Header\Info\styles.module.css

--------------------------

Error: It looks like you're trying to use `tailwindcss` directly as a PostCSS plugin. The PostCSS plugin has moved to a separate package, so to continue using Tailwind CSS with PostCSS you'll need to install `@tailwindcss/postcss` and update your PostCSS configuration.
-- inner error --
Error: It looks like you're trying to use `tailwindcss` directly as a PostCSS plugin. The PostCSS plugin has moved to a separate package, so to continue using Tailwind CSS with PostCSS you'll need to install `@tailwindcss/postcss` and update your PostCSS configuration.
Generated code for E:\Hoc\CyberSec\think-dfirent.github.io\node_modules\css-loader\dist\cjs.js??ruleSet[1].rules[7].use[1]!E:\Hoc\CyberSec\think-dfirent.github.io\node_modules\postcss-loader\dist\cjs.js??ruleSet[1].rules[7].use[2]!E:\Hoc\CyberSec\think-dfirent.github.io\node_modules\@docusaurus\theme-classic\lib\theme\BlogPostItem\Header\Title\styles.module.css

--------------------------

Error: It looks like you're trying to use `tailwindcss` directly as a PostCSS plugin. The PostCSS plugin has moved to a separate package, so to continue using Tailwind CSS with PostCSS you'll need to install `@tailwindcss/postcss` and update your PostCSS configuration.
-- inner error --
Error: It looks like you're trying to use `tailwindcss` directly as a PostCSS plugin. The PostCSS plugin has moved to a separate package, so to continue using Tailwind CSS with PostCSS you'll need to install `@tailwindcss/postcss` and update your PostCSS configuration.
Generated code for E:\Hoc\CyberSec\think-dfirent.github.io\node_modules\css-loader\dist\cjs.js??ruleSet[1].rules[7].use[1]!E:\Hoc\CyberSec\think-dfirent.github.io\node_modules\postcss-loader\dist\cjs.js??ruleSet[1].rules[7].use[2]!E:\Hoc\CyberSec\think-dfirent.github.io\node_modules\@docusaurus\theme-classic\lib\theme\BlogSidebar\Desktop\styles.module.css

--------------------------

Error: It looks like you're trying to use `tailwindcss` directly as a PostCSS plugin. The PostCSS plugin has moved to a separate package, so to continue using Tailwind CSS with PostCSS you'll need to install `@tailwindcss/postcss` and update your PostCSS configuration.
-- inner error --
Error: It looks like you're trying to use `tailwindcss` directly as a PostCSS plugin. The PostCSS plugin has moved to a separate package, so to continue using Tailwind CSS with PostCSS you'll need to install `@tailwindcss/postcss` and update your PostCSS configuration.
Generated code for E:\Hoc\CyberSec\think-dfirent.github.io\node_modules\css-loader\dist\cjs.js??ruleSet[1].rules[7].use[1]!E:\Hoc\CyberSec\think-dfirent.github.io\node_modules\postcss-loader\dist\cjs.js??ruleSet[1].rules[7].use[2]!E:\Hoc\CyberSec\think-dfirent.github.io\node_modules\@docusaurus\theme-classic\lib\theme\BlogSidebar\Mobile\styles.module.css

--------------------------

Error: It looks like you're trying to use `tailwindcss` directly as a PostCSS plugin. The PostCSS plugin has moved to a separate package, so to continue using Tailwind CSS with PostCSS you'll need to install `@tailwindcss/postcss` and update your PostCSS configuration.
-- inner error --
Error: It looks like you're trying to use `tailwindcss` directly as a PostCSS plugin. The PostCSS plugin has moved to a separate package, so to continue using Tailwind CSS with PostCSS you'll need to install `@tailwindcss/postcss` and update your PostCSS configuration.
Generated code for E:\Hoc\CyberSec\think-dfirent.github.io\node_modules\css-loader\dist\cjs.js??ruleSet[1].rules[7].use[1]!E:\Hoc\CyberSec\think-dfirent.github.io\node_modules\postcss-loader\dist\cjs.js??ruleSet[1].rules[7].use[2]!E:\Hoc\CyberSec\think-dfirent.github.io\node_modules\@docusaurus\theme-classic\lib\theme\Blog\Components\Author\Socials\styles.module.css

--------------------------

Error: It looks like you're trying to use `tailwindcss` directly as a PostCSS plugin. The PostCSS plugin has moved to a separate package, so to continue using Tailwind CSS with PostCSS you'll need to install `@tailwindcss/postcss` and update your PostCSS configuration.
-- inner error --
Error: It looks like you're trying to use `tailwindcss` directly as a PostCSS plugin. The PostCSS plugin has moved to a separate package, so to continue using Tailwind CSS with PostCSS you'll need to install `@tailwindcss/postcss` and update your PostCSS configuration.
Generated code for E:\Hoc\CyberSec\think-dfirent.github.io\node_modules\css-loader\dist\cjs.js??ruleSet[1].rules[7].use[1]!E:\Hoc\CyberSec\think-dfirent.github.io\node_modules\postcss-loader\dist\cjs.js??ruleSet[1].rules[7].use[2]!E:\Hoc\CyberSec\think-dfirent.github.io\node_modules\@docusaurus\theme-classic\lib\theme\Blog\Components\Author\styles.module.css

--------------------------

Error: It looks like you're trying to use `tailwindcss` directly as a PostCSS plugin. The PostCSS plugin has moved to a separate package, so to continue using Tailwind CSS with PostCSS you'll need to install `@tailwindcss/postcss` and update your PostCSS configuration.
-- inner error --
Error: It looks like you're trying to use `tailwindcss` directly as a PostCSS plugin. The PostCSS plugin has moved to a separate package, so to continue using Tailwind CSS with PostCSS you'll need to install `@tailwindcss/postcss` and update your PostCSS configuration.
Generated code for E:\Hoc\CyberSec\think-dfirent.github.io\node_modules\css-loader\dist\cjs.js??ruleSet[1].rules[7].use[1]!E:\Hoc\CyberSec\think-dfirent.github.io\node_modules\postcss-loader\dist\cjs.js??ruleSet[1].rules[7].use[2]!E:\Hoc\CyberSec\think-dfirent.github.io\node_modules\@docusaurus\theme-classic\lib\theme\Blog\Pages\BlogAuthorsListPage\styles.module.css

--------------------------

Error: It looks like you're trying to use `tailwindcss` directly as a PostCSS plugin. The PostCSS plugin has moved to a separate package, so to continue using Tailwind CSS with PostCSS you'll need to install `@tailwindcss/postcss` and update your PostCSS configuration.
-- inner error --
Error: It looks like you're trying to use `tailwindcss` directly as a PostCSS plugin. The PostCSS plugin has moved to a separate package, so to continue using Tailwind CSS with PostCSS you'll need to install `@tailwindcss/postcss` and update your PostCSS configuration.
Generated code for E:\Hoc\CyberSec\think-dfirent.github.io\node_modules\css-loader\dist\cjs.js??ruleSet[1].rules[7].use[1]!E:\Hoc\CyberSec\think-dfirent.github.io\node_modules\postcss-loader\dist\cjs.js??ruleSet[1].rules[7].use[2]!E:\Hoc\CyberSec\think-dfirent.github.io\node_modules\@docusaurus\theme-classic\lib\theme\CodeBlock\Buttons\CopyButton\styles.module.css

--------------------------

Error: It looks like you're trying to use `tailwindcss` directly as a PostCSS plugin. The PostCSS plugin has moved to a separate package, so to continue using Tailwind CSS with PostCSS you'll need to install `@tailwindcss/postcss` and update your PostCSS configuration.
-- inner error --
Error: It looks like you're trying to use `tailwindcss` directly as a PostCSS plugin. The PostCSS plugin has moved to a separate package, so to continue using Tailwind CSS with PostCSS you'll need to install `@tailwindcss/postcss` and update your PostCSS configuration.
Generated code for E:\Hoc\CyberSec\think-dfirent.github.io\node_modules\css-loader\dist\cjs.js??ruleSet[1].rules[7].use[1]!E:\Hoc\CyberSec\think-dfirent.github.io\node_modules\postcss-loader\dist\cjs.js??ruleSet[1].rules[7].use[2]!E:\Hoc\CyberSec\think-dfirent.github.io\node_modules\@docusaurus\theme-classic\lib\theme\CodeBlock\Buttons\WordWrapButton\styles.module.css

--------------------------

Error: It looks like you're trying to use `tailwindcss` directly as a PostCSS plugin. The PostCSS plugin has moved to a separate package, so to continue using Tailwind CSS with PostCSS you'll need to install `@tailwindcss/postcss` and update your PostCSS configuration.
-- inner error --
Error: It looks like you're trying to use `tailwindcss` directly as a PostCSS plugin. The PostCSS plugin has moved to a separate package, so to continue using Tailwind CSS with PostCSS you'll need to install `@tailwindcss/postcss` and update your PostCSS configuration.
Generated code for E:\Hoc\CyberSec\think-dfirent.github.io\node_modules\css-loader\dist\cjs.js??ruleSet[1].rules[7].use[1]!E:\Hoc\CyberSec\think-dfirent.github.io\node_modules\postcss-loader\dist\cjs.js??ruleSet[1].rules[7].use[2]!E:\Hoc\CyberSec\think-dfirent.github.io\node_modules\@docusaurus\theme-classic\lib\theme\CodeBlock\Buttons\styles.module.css

--------------------------

Error: It looks like you're trying to use `tailwindcss` directly as a PostCSS plugin. The PostCSS plugin has moved to a separate package, so to continue using Tailwind CSS with PostCSS you'll need to install `@tailwindcss/postcss` and update your PostCSS configuration.
-- inner error --
Error: It looks like you're trying to use `tailwindcss` directly as a PostCSS plugin. The PostCSS plugin has moved to a separate package, so to continue using Tailwind CSS with PostCSS you'll need to install `@tailwindcss/postcss` and update your PostCSS configuration.
Generated code for E:\Hoc\CyberSec\think-dfirent.github.io\node_modules\css-loader\dist\cjs.js??ruleSet[1].rules[7].use[1]!E:\Hoc\CyberSec\think-dfirent.github.io\node_modules\postcss-loader\dist\cjs.js??ruleSet[1].rules[7].use[2]!E:\Hoc\CyberSec\think-dfirent.github.io\node_modules\@docusaurus\theme-classic\lib\theme\CodeBlock\Container\styles.module.css

--------------------------

Error: It looks like you're trying to use `tailwindcss` directly as a PostCSS plugin. The PostCSS plugin has moved to a separate package, so to continue using Tailwind CSS with PostCSS you'll need to install `@tailwindcss/postcss` and update your PostCSS configuration.
-- inner error --
Error: It looks like you're trying to use `tailwindcss` directly as a PostCSS plugin. The PostCSS plugin has moved to a separate package, so to continue using Tailwind CSS with PostCSS you'll need to install `@tailwindcss/postcss` and update your PostCSS configuration.
Generated code for E:\Hoc\CyberSec\think-dfirent.github.io\node_modules\css-loader\dist\cjs.js??ruleSet[1].rules[7].use[1]!E:\Hoc\CyberSec\think-dfirent.github.io\node_modules\postcss-loader\dist\cjs.js??ruleSet[1].rules[7].use[2]!E:\Hoc\CyberSec\think-dfirent.github.io\node_modules\@docusaurus\theme-classic\lib\theme\CodeBlock\Content\styles.module.css

--------------------------

Error: It looks like you're trying to use `tailwindcss` directly as a PostCSS plugin. The PostCSS plugin has moved to a separate package, so to continue using Tailwind CSS with PostCSS you'll need to install `@tailwindcss/postcss` and update your PostCSS configuration.
-- inner error --
Error: It looks like you're trying to use `tailwindcss` directly as a PostCSS plugin. The PostCSS plugin has moved to a separate package, so to continue using Tailwind CSS with PostCSS you'll need to install `@tailwindcss/postcss` and update your PostCSS configuration.
Generated code for E:\Hoc\CyberSec\think-dfirent.github.io\node_modules\css-loader\dist\cjs.js??ruleSet[1].rules[7].use[1]!E:\Hoc\CyberSec\think-dfirent.github.io\node_modules\postcss-loader\dist\cjs.js??ruleSet[1].rules[7].use[2]!E:\Hoc\CyberSec\think-dfirent.github.io\node_modules\@docusaurus\theme-classic\lib\theme\CodeBlock\Layout\styles.module.css

--------------------------

Error: It looks like you're trying to use `tailwindcss` directly as a PostCSS plugin. The PostCSS plugin has moved to a separate package, so to continue using Tailwind CSS with PostCSS you'll need to install `@tailwindcss/postcss` and update your PostCSS configuration.
-- inner error --
Error: It looks like you're trying to use `tailwindcss` directly as a PostCSS plugin. The PostCSS plugin has moved to a separate package, so to continue using Tailwind CSS with PostCSS you'll need to install `@tailwindcss/postcss` and update your PostCSS configuration.
Generated code for E:\Hoc\CyberSec\think-dfirent.github.io\node_modules\css-loader\dist\cjs.js??ruleSet[1].rules[7].use[1]!E:\Hoc\CyberSec\think-dfirent.github.io\node_modules\postcss-loader\dist\cjs.js??ruleSet[1].rules[7].use[2]!E:\Hoc\CyberSec\think-dfirent.github.io\node_modules\@docusaurus\theme-classic\lib\theme\CodeBlock\Line\styles.module.css

--------------------------

Error: It looks like you're trying to use `tailwindcss` directly as a PostCSS plugin. The PostCSS plugin has moved to a separate package, so to continue using Tailwind CSS with PostCSS you'll need to install `@tailwindcss/postcss` and update your PostCSS configuration.
-- inner error --
Error: It looks like you're trying to use `tailwindcss` directly as a PostCSS plugin. The PostCSS plugin has moved to a separate package, so to continue using Tailwind CSS with PostCSS you'll need to install `@tailwindcss/postcss` and update your PostCSS configuration.
Generated code for E:\Hoc\CyberSec\think-dfirent.github.io\node_modules\css-loader\dist\cjs.js??ruleSet[1].rules[7].use[1]!E:\Hoc\CyberSec\think-dfirent.github.io\node_modules\postcss-loader\dist\cjs.js??ruleSet[1].rules[7].use[2]!E:\Hoc\CyberSec\think-dfirent.github.io\node_modules\@docusaurus\theme-classic\lib\theme\ColorModeToggle\styles.module.css

--------------------------

Error: It looks like you're trying to use `tailwindcss` directly as a PostCSS plugin. The PostCSS plugin has moved to a separate package, so to continue using Tailwind CSS with PostCSS you'll need to install `@tailwindcss/postcss` and update your PostCSS configuration.
-- inner error --
Error: It looks like you're trying to use `tailwindcss` directly as a PostCSS plugin. The PostCSS plugin has moved to a separate package, so to continue using Tailwind CSS with PostCSS you'll need to install `@tailwindcss/postcss` and update your PostCSS configuration.
Generated code for E:\Hoc\CyberSec\think-dfirent.github.io\node_modules\css-loader\dist\cjs.js??ruleSet[1].rules[7].use[1]!E:\Hoc\CyberSec\think-dfirent.github.io\node_modules\postcss-loader\dist\cjs.js??ruleSet[1].rules[7].use[2]!E:\Hoc\CyberSec\think-dfirent.github.io\node_modules\@docusaurus\theme-classic\lib\theme\Details\styles.module.css

--------------------------

Error: It looks like you're trying to use `tailwindcss` directly as a PostCSS plugin. The PostCSS plugin has moved to a separate package, so to continue using Tailwind CSS with PostCSS you'll need to install `@tailwindcss/postcss` and update your PostCSS configuration.
-- inner error --
Error: It looks like you're trying to use `tailwindcss` directly as a PostCSS plugin. The PostCSS plugin has moved to a separate package, so to continue using Tailwind CSS with PostCSS you'll need to install `@tailwindcss/postcss` and update your PostCSS configuration.
Generated code for E:\Hoc\CyberSec\think-dfirent.github.io\node_modules\css-loader\dist\cjs.js??ruleSet[1].rules[7].use[1]!E:\Hoc\CyberSec\think-dfirent.github.io\node_modules\postcss-loader\dist\cjs.js??ruleSet[1].rules[7].use[2]!E:\Hoc\CyberSec\think-dfirent.github.io\node_modules\@docusaurus\theme-classic\lib\theme\DocBreadcrumbs\Items\Home\styles.module.css

--------------------------

Error: It looks like you're trying to use `tailwindcss` directly as a PostCSS plugin. The PostCSS plugin has moved to a separate package, so to continue using Tailwind CSS with PostCSS you'll need to install `@tailwindcss/postcss` and update your PostCSS configuration.
-- inner error --
Error: It looks like you're trying to use `tailwindcss` directly as a PostCSS plugin. The PostCSS plugin has moved to a separate package, so to continue using Tailwind CSS with PostCSS you'll need to install `@tailwindcss/postcss` and update your PostCSS configuration.
Generated code for E:\Hoc\CyberSec\think-dfirent.github.io\node_modules\css-loader\dist\cjs.js??ruleSet[1].rules[7].use[1]!E:\Hoc\CyberSec\think-dfirent.github.io\node_modules\postcss-loader\dist\cjs.js??ruleSet[1].rules[7].use[2]!E:\Hoc\CyberSec\think-dfirent.github.io\node_modules\@docusaurus\theme-classic\lib\theme\DocBreadcrumbs\styles.module.css

--------------------------

Error: It looks like you're trying to use `tailwindcss` directly as a PostCSS plugin. The PostCSS plugin has moved to a separate package, so to continue using Tailwind CSS with PostCSS you'll need to install `@tailwindcss/postcss` and update your PostCSS configuration.
-- inner error --
Error: It looks like you're trying to use `tailwindcss` directly as a PostCSS plugin. The PostCSS plugin has moved to a separate package, so to continue using Tailwind CSS with PostCSS you'll need to install `@tailwindcss/postcss` and update your PostCSS configuration.
Generated code for E:\Hoc\CyberSec\think-dfirent.github.io\node_modules\css-loader\dist\cjs.js??ruleSet[1].rules[7].use[1]!E:\Hoc\CyberSec\think-dfirent.github.io\node_modules\postcss-loader\dist\cjs.js??ruleSet[1].rules[7].use[2]!E:\Hoc\CyberSec\think-dfirent.github.io\node_modules\@docusaurus\theme-classic\lib\theme\DocCardList\styles.module.css

--------------------------

Error: It looks like you're trying to use `tailwindcss` directly as a PostCSS plugin. The PostCSS plugin has moved to a separate package, so to continue using Tailwind CSS with PostCSS you'll need to install `@tailwindcss/postcss` and update your PostCSS configuration.
-- inner error --
Error: It looks like you're trying to use `tailwindcss` directly as a PostCSS plugin. The PostCSS plugin has moved to a separate package, so to continue using Tailwind CSS with PostCSS you'll need to install `@tailwindcss/postcss` and update your PostCSS configuration.
Generated code for E:\Hoc\CyberSec\think-dfirent.github.io\node_modules\css-loader\dist\cjs.js??ruleSet[1].rules[7].use[1]!E:\Hoc\CyberSec\think-dfirent.github.io\node_modules\postcss-loader\dist\cjs.js??ruleSet[1].rules[7].use[2]!E:\Hoc\CyberSec\think-dfirent.github.io\node_modules\@docusaurus\theme-classic\lib\theme\DocCard\Description\styles.module.css

--------------------------

Error: It looks like you're trying to use `tailwindcss` directly as a PostCSS plugin. The PostCSS plugin has moved to a separate package, so to continue using Tailwind CSS with PostCSS you'll need to install `@tailwindcss/postcss` and update your PostCSS configuration.
-- inner error --
Error: It looks like you're trying to use `tailwindcss` directly as a PostCSS plugin. The PostCSS plugin has moved to a separate package, so to continue using Tailwind CSS with PostCSS you'll need to install `@tailwindcss/postcss` and update your PostCSS configuration.
Generated code for E:\Hoc\CyberSec\think-dfirent.github.io\node_modules\css-loader\dist\cjs.js??ruleSet[1].rules[7].use[1]!E:\Hoc\CyberSec\think-dfirent.github.io\node_modules\postcss-loader\dist\cjs.js??ruleSet[1].rules[7].use[2]!E:\Hoc\CyberSec\think-dfirent.github.io\node_modules\@docusaurus\theme-classic\lib\theme\DocCard\Heading\Icon\styles.module.css

--------------------------

Error: It looks like you're trying to use `tailwindcss` directly as a PostCSS plugin. The PostCSS plugin has moved to a separate package, so to continue using Tailwind CSS with PostCSS you'll need to install `@tailwindcss/postcss` and update your PostCSS configuration.
-- inner error --
Error: It looks like you're trying to use `tailwindcss` directly as a PostCSS plugin. The PostCSS plugin has moved to a separate package, so to continue using Tailwind CSS with PostCSS you'll need to install `@tailwindcss/postcss` and update your PostCSS configuration.
Generated code for E:\Hoc\CyberSec\think-dfirent.github.io\node_modules\css-loader\dist\cjs.js??ruleSet[1].rules[7].use[1]!E:\Hoc\CyberSec\think-dfirent.github.io\node_modules\postcss-loader\dist\cjs.js??ruleSet[1].rules[7].use[2]!E:\Hoc\CyberSec\think-dfirent.github.io\node_modules\@docusaurus\theme-classic\lib\theme\DocCard\Heading\Text\styles.module.css

--------------------------

Error: It looks like you're trying to use `tailwindcss` directly as a PostCSS plugin. The PostCSS plugin has moved to a separate package, so to continue using Tailwind CSS with PostCSS you'll need to install `@tailwindcss/postcss` and update your PostCSS configuration.
-- inner error --
Error: It looks like you're trying to use `tailwindcss` directly as a PostCSS plugin. The PostCSS plugin has moved to a separate package, so to continue using Tailwind CSS with PostCSS you'll need to install `@tailwindcss/postcss` and update your PostCSS configuration.
Generated code for E:\Hoc\CyberSec\think-dfirent.github.io\node_modules\css-loader\dist\cjs.js??ruleSet[1].rules[7].use[1]!E:\Hoc\CyberSec\think-dfirent.github.io\node_modules\postcss-loader\dist\cjs.js??ruleSet[1].rules[7].use[2]!E:\Hoc\CyberSec\think-dfirent.github.io\node_modules\@docusaurus\theme-classic\lib\theme\DocCard\Heading\styles.module.css

--------------------------

Error: It looks like you're trying to use `tailwindcss` directly as a PostCSS plugin. The PostCSS plugin has moved to a separate package, so to continue using Tailwind CSS with PostCSS you'll need to install `@tailwindcss/postcss` and update your PostCSS configuration.
-- inner error --
Error: It looks like you're trying to use `tailwindcss` directly as a PostCSS plugin. The PostCSS plugin has moved to a separate package, so to continue using Tailwind CSS with PostCSS you'll need to install `@tailwindcss/postcss` and update your PostCSS configuration.
Generated code for E:\Hoc\CyberSec\think-dfirent.github.io\node_modules\css-loader\dist\cjs.js??ruleSet[1].rules[7].use[1]!E:\Hoc\CyberSec\think-dfirent.github.io\node_modules\postcss-loader\dist\cjs.js??ruleSet[1].rules[7].use[2]!E:\Hoc\CyberSec\think-dfirent.github.io\node_modules\@docusaurus\theme-classic\lib\theme\DocCard\Layout\styles.module.css

--------------------------

Error: It looks like you're trying to use `tailwindcss` directly as a PostCSS plugin. The PostCSS plugin has moved to a separate package, so to continue using Tailwind CSS with PostCSS you'll need to install `@tailwindcss/postcss` and update your PostCSS configuration.
-- inner error --
Error: It looks like you're trying to use `tailwindcss` directly as a PostCSS plugin. The PostCSS plugin has moved to a separate package, so to continue using Tailwind CSS with PostCSS you'll need to install `@tailwindcss/postcss` and update your PostCSS configuration.
Generated code for E:\Hoc\CyberSec\think-dfirent.github.io\node_modules\css-loader\dist\cjs.js??ruleSet[1].rules[7].use[1]!E:\Hoc\CyberSec\think-dfirent.github.io\node_modules\postcss-loader\dist\cjs.js??ruleSet[1].rules[7].use[2]!E:\Hoc\CyberSec\think-dfirent.github.io\node_modules\@docusaurus\theme-classic\lib\theme\DocCategoryGeneratedIndexPage\styles.module.css

--------------------------

Error: It looks like you're trying to use `tailwindcss` directly as a PostCSS plugin. The PostCSS plugin has moved to a separate package, so to continue using Tailwind CSS with PostCSS you'll need to install `@tailwindcss/postcss` and update your PostCSS configuration.
-- inner error --
Error: It looks like you're trying to use `tailwindcss` directly as a PostCSS plugin. The PostCSS plugin has moved to a separate package, so to continue using Tailwind CSS with PostCSS you'll need to install `@tailwindcss/postcss` and update your PostCSS configuration.
Generated code for E:\Hoc\CyberSec\think-dfirent.github.io\node_modules\css-loader\dist\cjs.js??ruleSet[1].rules[7].use[1]!E:\Hoc\CyberSec\think-dfirent.github.io\node_modules\postcss-loader\dist\cjs.js??ruleSet[1].rules[7].use[2]!E:\Hoc\CyberSec\think-dfirent.github.io\node_modules\@docusaurus\theme-classic\lib\theme\DocItem\Layout\styles.module.css

--------------------------

Error: It looks like you're trying to use `tailwindcss` directly as a PostCSS plugin. The PostCSS plugin has moved to a separate package, so to continue using Tailwind CSS with PostCSS you'll need to install `@tailwindcss/postcss` and update your PostCSS configuration.
-- inner error --
Error: It looks like you're trying to use `tailwindcss` directly as a PostCSS plugin. The PostCSS plugin has moved to a separate package, so to continue using Tailwind CSS with PostCSS you'll need to install `@tailwindcss/postcss` and update your PostCSS configuration.
Generated code for E:\Hoc\CyberSec\think-dfirent.github.io\node_modules\css-loader\dist\cjs.js??ruleSet[1].rules[7].use[1]!E:\Hoc\CyberSec\think-dfirent.github.io\node_modules\postcss-loader\dist\cjs.js??ruleSet[1].rules[7].use[2]!E:\Hoc\CyberSec\think-dfirent.github.io\node_modules\@docusaurus\theme-classic\lib\theme\DocItem\TOC\Mobile\styles.module.css

--------------------------

Error: It looks like you're trying to use `tailwindcss` directly as a PostCSS plugin. The PostCSS plugin has moved to a separate package, so to continue using Tailwind CSS with PostCSS you'll need to install `@tailwindcss/postcss` and update your PostCSS configuration.
-- inner error --
Error: It looks like you're trying to use `tailwindcss` directly as a PostCSS plugin. The PostCSS plugin has moved to a separate package, so to continue using Tailwind CSS with PostCSS you'll need to install `@tailwindcss/postcss` and update your PostCSS configuration.
Generated code for E:\Hoc\CyberSec\think-dfirent.github.io\node_modules\css-loader\dist\cjs.js??ruleSet[1].rules[7].use[1]!E:\Hoc\CyberSec\think-dfirent.github.io\node_modules\postcss-loader\dist\cjs.js??ruleSet[1].rules[7].use[2]!E:\Hoc\CyberSec\think-dfirent.github.io\node_modules\@docusaurus\theme-classic\lib\theme\DocRoot\Layout\Main\styles.module.css

--------------------------

Error: It looks like you're trying to use `tailwindcss` directly as a PostCSS plugin. The PostCSS plugin has moved to a separate package, so to continue using Tailwind CSS with PostCSS you'll need to install `@tailwindcss/postcss` and update your PostCSS configuration.
-- inner error --
Error: It looks like you're trying to use `tailwindcss` directly as a PostCSS plugin. The PostCSS plugin has moved to a separate package, so to continue using Tailwind CSS with PostCSS you'll need to install `@tailwindcss/postcss` and update your PostCSS configuration.
Generated code for E:\Hoc\CyberSec\think-dfirent.github.io\node_modules\css-loader\dist\cjs.js??ruleSet[1].rules[7].use[1]!E:\Hoc\CyberSec\think-dfirent.github.io\node_modules\postcss-loader\dist\cjs.js??ruleSet[1].rules[7].use[2]!E:\Hoc\CyberSec\think-dfirent.github.io\node_modules\@docusaurus\theme-classic\lib\theme\DocRoot\Layout\Sidebar\ExpandButton\styles.module.css

--------------------------

Error: It looks like you're trying to use `tailwindcss` directly as a PostCSS plugin. The PostCSS plugin has moved to a separate package, so to continue using Tailwind CSS with PostCSS you'll need to install `@tailwindcss/postcss` and update your PostCSS configuration.
-- inner error --
Error: It looks like you're trying to use `tailwindcss` directly as a PostCSS plugin. The PostCSS plugin has moved to a separate package, so to continue using Tailwind CSS with PostCSS you'll need to install `@tailwindcss/postcss` and update your PostCSS configuration.
Generated code for E:\Hoc\CyberSec\think-dfirent.github.io\node_modules\css-loader\dist\cjs.js??ruleSet[1].rules[7].use[1]!E:\Hoc\CyberSec\think-dfirent.github.io\node_modules\postcss-loader\dist\cjs.js??ruleSet[1].rules[7].use[2]!E:\Hoc\CyberSec\think-dfirent.github.io\node_modules\@docusaurus\theme-classic\lib\theme\DocRoot\Layout\Sidebar\styles.module.css

--------------------------

Error: It looks like you're trying to use `tailwindcss` directly as a PostCSS plugin. The PostCSS plugin has moved to a separate package, so to continue using Tailwind CSS with PostCSS you'll need to install `@tailwindcss/postcss` and update your PostCSS configuration.
-- inner error --
Error: It looks like you're trying to use `tailwindcss` directly as a PostCSS plugin. The PostCSS plugin has moved to a separate package, so to continue using Tailwind CSS with PostCSS you'll need to install `@tailwindcss/postcss` and update your PostCSS configuration.
Generated code for E:\Hoc\CyberSec\think-dfirent.github.io\node_modules\css-loader\dist\cjs.js??ruleSet[1].rules[7].use[1]!E:\Hoc\CyberSec\think-dfirent.github.io\node_modules\postcss-loader\dist\cjs.js??ruleSet[1].rules[7].use[2]!E:\Hoc\CyberSec\think-dfirent.github.io\node_modules\@docusaurus\theme-classic\lib\theme\DocRoot\Layout\styles.module.css

--------------------------

Error: It looks like you're trying to use `tailwindcss` directly as a PostCSS plugin. The PostCSS plugin has moved to a separate package, so to continue using Tailwind CSS with PostCSS you'll need to install `@tailwindcss/postcss` and update your PostCSS configuration.
-- inner error --
Error: It looks like you're trying to use `tailwindcss` directly as a PostCSS plugin. The PostCSS plugin has moved to a separate package, so to continue using Tailwind CSS with PostCSS you'll need to install `@tailwindcss/postcss` and update your PostCSS configuration.
Generated code for E:\Hoc\CyberSec\think-dfirent.github.io\node_modules\css-loader\dist\cjs.js??ruleSet[1].rules[7].use[1]!E:\Hoc\CyberSec\think-dfirent.github.io\node_modules\postcss-loader\dist\cjs.js??ruleSet[1].rules[7].use[2]!E:\Hoc\CyberSec\think-dfirent.github.io\node_modules\@docusaurus\theme-classic\lib\theme\DocSidebarItem\Category\styles.module.css

--------------------------

Error: It looks like you're trying to use `tailwindcss` directly as a PostCSS plugin. The PostCSS plugin has moved to a separate package, so to continue using Tailwind CSS with PostCSS you'll need to install `@tailwindcss/postcss` and update your PostCSS configuration.
-- inner error --
Error: It looks like you're trying to use `tailwindcss` directly as a PostCSS plugin. The PostCSS plugin has moved to a separate package, so to continue using Tailwind CSS with PostCSS you'll need to install `@tailwindcss/postcss` and update your PostCSS configuration.
Generated code for E:\Hoc\CyberSec\think-dfirent.github.io\node_modules\css-loader\dist\cjs.js??ruleSet[1].rules[7].use[1]!E:\Hoc\CyberSec\think-dfirent.github.io\node_modules\postcss-loader\dist\cjs.js??ruleSet[1].rules[7].use[2]!E:\Hoc\CyberSec\think-dfirent.github.io\node_modules\@docusaurus\theme-classic\lib\theme\DocSidebarItem\Html\styles.module.css

--------------------------

Error: It looks like you're trying to use `tailwindcss` directly as a PostCSS plugin. The PostCSS plugin has moved to a separate package, so to continue using Tailwind CSS with PostCSS you'll need to install `@tailwindcss/postcss` and update your PostCSS configuration.
-- inner error --
Error: It looks like you're trying to use `tailwindcss` directly as a PostCSS plugin. The PostCSS plugin has moved to a separate package, so to continue using Tailwind CSS with PostCSS you'll need to install `@tailwindcss/postcss` and update your PostCSS configuration.
Generated code for E:\Hoc\CyberSec\think-dfirent.github.io\node_modules\css-loader\dist\cjs.js??ruleSet[1].rules[7].use[1]!E:\Hoc\CyberSec\think-dfirent.github.io\node_modules\postcss-loader\dist\cjs.js??ruleSet[1].rules[7].use[2]!E:\Hoc\CyberSec\think-dfirent.github.io\node_modules\@docusaurus\theme-classic\lib\theme\DocSidebarItem\Link\styles.module.css

--------------------------

Error: It looks like you're trying to use `tailwindcss` directly as a PostCSS plugin. The PostCSS plugin has moved to a separate package, so to continue using Tailwind CSS with PostCSS you'll need to install `@tailwindcss/postcss` and update your PostCSS configuration.
-- inner error --
Error: It looks like you're trying to use `tailwindcss` directly as a PostCSS plugin. The PostCSS plugin has moved to a separate package, so to continue using Tailwind CSS with PostCSS you'll need to install `@tailwindcss/postcss` and update your PostCSS configuration.
Generated code for E:\Hoc\CyberSec\think-dfirent.github.io\node_modules\css-loader\dist\cjs.js??ruleSet[1].rules[7].use[1]!E:\Hoc\CyberSec\think-dfirent.github.io\node_modules\postcss-loader\dist\cjs.js??ruleSet[1].rules[7].use[2]!E:\Hoc\CyberSec\think-dfirent.github.io\node_modules\@docusaurus\theme-classic\lib\theme\DocSidebar\Desktop\CollapseButton\styles.module.css

--------------------------

Error: It looks like you're trying to use `tailwindcss` directly as a PostCSS plugin. The PostCSS plugin has moved to a separate package, so to continue using Tailwind CSS with PostCSS you'll need to install `@tailwindcss/postcss` and update your PostCSS configuration.
-- inner error --
Error: It looks like you're trying to use `tailwindcss` directly as a PostCSS plugin. The PostCSS plugin has moved to a separate package, so to continue using Tailwind CSS with PostCSS you'll need to install `@tailwindcss/postcss` and update your PostCSS configuration.
Generated code for E:\Hoc\CyberSec\think-dfirent.github.io\node_modules\css-loader\dist\cjs.js??ruleSet[1].rules[7].use[1]!E:\Hoc\CyberSec\think-dfirent.github.io\node_modules\postcss-loader\dist\cjs.js??ruleSet[1].rules[7].use[2]!E:\Hoc\CyberSec\think-dfirent.github.io\node_modules\@docusaurus\theme-classic\lib\theme\DocSidebar\Desktop\Content\styles.module.css

--------------------------

Error: It looks like you're trying to use `tailwindcss` directly as a PostCSS plugin. The PostCSS plugin has moved to a separate package, so to continue using Tailwind CSS with PostCSS you'll need to install `@tailwindcss/postcss` and update your PostCSS configuration.
-- inner error --
Error: It looks like you're trying to use `tailwindcss` directly as a PostCSS plugin. The PostCSS plugin has moved to a separate package, so to continue using Tailwind CSS with PostCSS you'll need to install `@tailwindcss/postcss` and update your PostCSS configuration.
Generated code for E:\Hoc\CyberSec\think-dfirent.github.io\node_modules\css-loader\dist\cjs.js??ruleSet[1].rules[7].use[1]!E:\Hoc\CyberSec\think-dfirent.github.io\node_modules\postcss-loader\dist\cjs.js??ruleSet[1].rules[7].use[2]!E:\Hoc\CyberSec\think-dfirent.github.io\node_modules\@docusaurus\theme-classic\lib\theme\DocSidebar\Desktop\styles.module.css

--------------------------

Error: It looks like you're trying to use `tailwindcss` directly as a PostCSS plugin. The PostCSS plugin has moved to a separate package, so to continue using Tailwind CSS with PostCSS you'll need to install `@tailwindcss/postcss` and update your PostCSS configuration.
-- inner error --
Error: It looks like you're trying to use `tailwindcss` directly as a PostCSS plugin. The PostCSS plugin has moved to a separate package, so to continue using Tailwind CSS with PostCSS you'll need to install `@tailwindcss/postcss` and update your PostCSS configuration.
Generated code for E:\Hoc\CyberSec\think-dfirent.github.io\node_modules\css-loader\dist\cjs.js??ruleSet[1].rules[7].use[1]!E:\Hoc\CyberSec\think-dfirent.github.io\node_modules\postcss-loader\dist\cjs.js??ruleSet[1].rules[7].use[2]!E:\Hoc\CyberSec\think-dfirent.github.io\node_modules\@docusaurus\theme-classic\lib\theme\EditMetaRow\styles.module.css

--------------------------

Error: It looks like you're trying to use `tailwindcss` directly as a PostCSS plugin. The PostCSS plugin has moved to a separate package, so to continue using Tailwind CSS with PostCSS you'll need to install `@tailwindcss/postcss` and update your PostCSS configuration.
-- inner error --
Error: It looks like you're trying to use `tailwindcss` directly as a PostCSS plugin. The PostCSS plugin has moved to a separate package, so to continue using Tailwind CSS with PostCSS you'll need to install `@tailwindcss/postcss` and update your PostCSS configuration.
Generated code for E:\Hoc\CyberSec\think-dfirent.github.io\node_modules\css-loader\dist\cjs.js??ruleSet[1].rules[7].use[1]!E:\Hoc\CyberSec\think-dfirent.github.io\node_modules\postcss-loader\dist\cjs.js??ruleSet[1].rules[7].use[2]!E:\Hoc\CyberSec\think-dfirent.github.io\node_modules\@docusaurus\theme-classic\lib\theme\Heading\styles.module.css

--------------------------

Error: It looks like you're trying to use `tailwindcss` directly as a PostCSS plugin. The PostCSS plugin has moved to a separate package, so to continue using Tailwind CSS with PostCSS you'll need to install `@tailwindcss/postcss` and update your PostCSS configuration.
-- inner error --
Error: It looks like you're trying to use `tailwindcss` directly as a PostCSS plugin. The PostCSS plugin has moved to a separate package, so to continue using Tailwind CSS with PostCSS you'll need to install `@tailwindcss/postcss` and update your PostCSS configuration.
Generated code for E:\Hoc\CyberSec\think-dfirent.github.io\node_modules\css-loader\dist\cjs.js??ruleSet[1].rules[7].use[1]!E:\Hoc\CyberSec\think-dfirent.github.io\node_modules\postcss-loader\dist\cjs.js??ruleSet[1].rules[7].use[2]!E:\Hoc\CyberSec\think-dfirent.github.io\node_modules\@docusaurus\theme-classic\lib\theme\Icon\Edit\styles.module.css

--------------------------

Error: It looks like you're trying to use `tailwindcss` directly as a PostCSS plugin. The PostCSS plugin has moved to a separate package, so to continue using Tailwind CSS with PostCSS you'll need to install `@tailwindcss/postcss` and update your PostCSS configuration.
-- inner error --
Error: It looks like you're trying to use `tailwindcss` directly as a PostCSS plugin. The PostCSS plugin has moved to a separate package, so to continue using Tailwind CSS with PostCSS you'll need to install `@tailwindcss/postcss` and update your PostCSS configuration.
Generated code for E:\Hoc\CyberSec\think-dfirent.github.io\node_modules\css-loader\dist\cjs.js??ruleSet[1].rules[7].use[1]!E:\Hoc\CyberSec\think-dfirent.github.io\node_modules\postcss-loader\dist\cjs.js??ruleSet[1].rules[7].use[2]!E:\Hoc\CyberSec\think-dfirent.github.io\node_modules\@docusaurus\theme-classic\lib\theme\Icon\ExternalLink\styles.module.css

--------------------------

Error: It looks like you're trying to use `tailwindcss` directly as a PostCSS plugin. The PostCSS plugin has moved to a separate package, so to continue using Tailwind CSS with PostCSS you'll need to install `@tailwindcss/postcss` and update your PostCSS configuration.
-- inner error --
Error: It looks like you're trying to use `tailwindcss` directly as a PostCSS plugin. The PostCSS plugin has moved to a separate package, so to continue using Tailwind CSS with PostCSS you'll need to install `@tailwindcss/postcss` and update your PostCSS configuration.
Generated code for E:\Hoc\CyberSec\think-dfirent.github.io\node_modules\css-loader\dist\cjs.js??ruleSet[1].rules[7].use[1]!E:\Hoc\CyberSec\think-dfirent.github.io\node_modules\postcss-loader\dist\cjs.js??ruleSet[1].rules[7].use[2]!E:\Hoc\CyberSec\think-dfirent.github.io\node_modules\@docusaurus\theme-classic\lib\theme\Icon\Socials\Bluesky\styles.module.css

--------------------------

Error: It looks like you're trying to use `tailwindcss` directly as a PostCSS plugin. The PostCSS plugin has moved to a separate package, so to continue using Tailwind CSS with PostCSS you'll need to install `@tailwindcss/postcss` and update your PostCSS configuration.
-- inner error --
Error: It looks like you're trying to use `tailwindcss` directly as a PostCSS plugin. The PostCSS plugin has moved to a separate package, so to continue using Tailwind CSS with PostCSS you'll need to install `@tailwindcss/postcss` and update your PostCSS configuration.
Generated code for E:\Hoc\CyberSec\think-dfirent.github.io\node_modules\css-loader\dist\cjs.js??ruleSet[1].rules[7].use[1]!E:\Hoc\CyberSec\think-dfirent.github.io\node_modules\postcss-loader\dist\cjs.js??ruleSet[1].rules[7].use[2]!E:\Hoc\CyberSec\think-dfirent.github.io\node_modules\@docusaurus\theme-classic\lib\theme\Icon\Socials\GitHub\styles.module.css

--------------------------

Error: It looks like you're trying to use `tailwindcss` directly as a PostCSS plugin. The PostCSS plugin has moved to a separate package, so to continue using Tailwind CSS with PostCSS you'll need to install `@tailwindcss/postcss` and update your PostCSS configuration.
-- inner error --
Error: It looks like you're trying to use `tailwindcss` directly as a PostCSS plugin. The PostCSS plugin has moved to a separate package, so to continue using Tailwind CSS with PostCSS you'll need to install `@tailwindcss/postcss` and update your PostCSS configuration.
Generated code for E:\Hoc\CyberSec\think-dfirent.github.io\node_modules\css-loader\dist\cjs.js??ruleSet[1].rules[7].use[1]!E:\Hoc\CyberSec\think-dfirent.github.io\node_modules\postcss-loader\dist\cjs.js??ruleSet[1].rules[7].use[2]!E:\Hoc\CyberSec\think-dfirent.github.io\node_modules\@docusaurus\theme-classic\lib\theme\Icon\Socials\Instagram\styles.module.css

--------------------------

Error: It looks like you're trying to use `tailwindcss` directly as a PostCSS plugin. The PostCSS plugin has moved to a separate package, so to continue using Tailwind CSS with PostCSS you'll need to install `@tailwindcss/postcss` and update your PostCSS configuration.
-- inner error --
Error: It looks like you're trying to use `tailwindcss` directly as a PostCSS plugin. The PostCSS plugin has moved to a separate package, so to continue using Tailwind CSS with PostCSS you'll need to install `@tailwindcss/postcss` and update your PostCSS configuration.
Generated code for E:\Hoc\CyberSec\think-dfirent.github.io\node_modules\css-loader\dist\cjs.js??ruleSet[1].rules[7].use[1]!E:\Hoc\CyberSec\think-dfirent.github.io\node_modules\postcss-loader\dist\cjs.js??ruleSet[1].rules[7].use[2]!E:\Hoc\CyberSec\think-dfirent.github.io\node_modules\@docusaurus\theme-classic\lib\theme\Icon\Socials\LinkedIn\styles.module.css

--------------------------

Error: It looks like you're trying to use `tailwindcss` directly as a PostCSS plugin. The PostCSS plugin has moved to a separate package, so to continue using Tailwind CSS with PostCSS you'll need to install `@tailwindcss/postcss` and update your PostCSS configuration.
-- inner error --
Error: It looks like you're trying to use `tailwindcss` directly as a PostCSS plugin. The PostCSS plugin has moved to a separate package, so to continue using Tailwind CSS with PostCSS you'll need to install `@tailwindcss/postcss` and update your PostCSS configuration.
Generated code for E:\Hoc\CyberSec\think-dfirent.github.io\node_modules\css-loader\dist\cjs.js??ruleSet[1].rules[7].use[1]!E:\Hoc\CyberSec\think-dfirent.github.io\node_modules\postcss-loader\dist\cjs.js??ruleSet[1].rules[7].use[2]!E:\Hoc\CyberSec\think-dfirent.github.io\node_modules\@docusaurus\theme-classic\lib\theme\Icon\Socials\Threads\styles.module.css

--------------------------

Error: It looks like you're trying to use `tailwindcss` directly as a PostCSS plugin. The PostCSS plugin has moved to a separate package, so to continue using Tailwind CSS with PostCSS you'll need to install `@tailwindcss/postcss` and update your PostCSS configuration.
-- inner error --
Error: It looks like you're trying to use `tailwindcss` directly as a PostCSS plugin. The PostCSS plugin has moved to a separate package, so to continue using Tailwind CSS with PostCSS you'll need to install `@tailwindcss/postcss` and update your PostCSS configuration.
Generated code for E:\Hoc\CyberSec\think-dfirent.github.io\node_modules\css-loader\dist\cjs.js??ruleSet[1].rules[7].use[1]!E:\Hoc\CyberSec\think-dfirent.github.io\node_modules\postcss-loader\dist\cjs.js??ruleSet[1].rules[7].use[2]!E:\Hoc\CyberSec\think-dfirent.github.io\node_modules\@docusaurus\theme-classic\lib\theme\Icon\Socials\X\styles.module.css

--------------------------

Error: It looks like you're trying to use `tailwindcss` directly as a PostCSS plugin. The PostCSS plugin has moved to a separate package, so to continue using Tailwind CSS with PostCSS you'll need to install `@tailwindcss/postcss` and update your PostCSS configuration.
-- inner error --
Error: It looks like you're trying to use `tailwindcss` directly as a PostCSS plugin. The PostCSS plugin has moved to a separate package, so to continue using Tailwind CSS with PostCSS you'll need to install `@tailwindcss/postcss` and update your PostCSS configuration.
Generated code for E:\Hoc\CyberSec\think-dfirent.github.io\node_modules\css-loader\dist\cjs.js??ruleSet[1].rules[7].use[1]!E:\Hoc\CyberSec\think-dfirent.github.io\node_modules\postcss-loader\dist\cjs.js??ruleSet[1].rules[7].use[2]!E:\Hoc\CyberSec\think-dfirent.github.io\node_modules\@docusaurus\theme-classic\lib\theme\Layout\styles.module.css

--------------------------

Error: It looks like you're trying to use `tailwindcss` directly as a PostCSS plugin. The PostCSS plugin has moved to a separate package, so to continue using Tailwind CSS with PostCSS you'll need to install `@tailwindcss/postcss` and update your PostCSS configuration.
-- inner error --
Error: It looks like you're trying to use `tailwindcss` directly as a PostCSS plugin. The PostCSS plugin has moved to a separate package, so to continue using Tailwind CSS with PostCSS you'll need to install `@tailwindcss/postcss` and update your PostCSS configuration.
Generated code for E:\Hoc\CyberSec\think-dfirent.github.io\node_modules\css-loader\dist\cjs.js??ruleSet[1].rules[7].use[1]!E:\Hoc\CyberSec\think-dfirent.github.io\node_modules\postcss-loader\dist\cjs.js??ruleSet[1].rules[7].use[2]!E:\Hoc\CyberSec\think-dfirent.github.io\node_modules\@docusaurus\theme-classic\lib\theme\MDXComponents\Img\styles.module.css

--------------------------

Error: It looks like you're trying to use `tailwindcss` directly as a PostCSS plugin. The PostCSS plugin has moved to a separate package, so to continue using Tailwind CSS with PostCSS you'll need to install `@tailwindcss/postcss` and update your PostCSS configuration.
-- inner error --
Error: It looks like you're trying to use `tailwindcss` directly as a PostCSS plugin. The PostCSS plugin has moved to a separate package, so to continue using Tailwind CSS with PostCSS you'll need to install `@tailwindcss/postcss` and update your PostCSS configuration.
Generated code for E:\Hoc\CyberSec\think-dfirent.github.io\node_modules\css-loader\dist\cjs.js??ruleSet[1].rules[7].use[1]!E:\Hoc\CyberSec\think-dfirent.github.io\node_modules\postcss-loader\dist\cjs.js??ruleSet[1].rules[7].use[2]!E:\Hoc\CyberSec\think-dfirent.github.io\node_modules\@docusaurus\theme-classic\lib\theme\MDXComponents\Ul\styles.module.css

--------------------------

Error: It looks like you're trying to use `tailwindcss` directly as a PostCSS plugin. The PostCSS plugin has moved to a separate package, so to continue using Tailwind CSS with PostCSS you'll need to install `@tailwindcss/postcss` and update your PostCSS configuration.
-- inner error --
Error: It looks like you're trying to use `tailwindcss` directly as a PostCSS plugin. The PostCSS plugin has moved to a separate package, so to continue using Tailwind CSS with PostCSS you'll need to install `@tailwindcss/postcss` and update your PostCSS configuration.
Generated code for E:\Hoc\CyberSec\think-dfirent.github.io\node_modules\css-loader\dist\cjs.js??ruleSet[1].rules[7].use[1]!E:\Hoc\CyberSec\think-dfirent.github.io\node_modules\postcss-loader\dist\cjs.js??ruleSet[1].rules[7].use[2]!E:\Hoc\CyberSec\think-dfirent.github.io\node_modules\@docusaurus\theme-classic\lib\theme\MDXPage\styles.module.css

--------------------------

Error: It looks like you're trying to use `tailwindcss` directly as a PostCSS plugin. The PostCSS plugin has moved to a separate package, so to continue using Tailwind CSS with PostCSS you'll need to install `@tailwindcss/postcss` and update your PostCSS configuration.
-- inner error --
Error: It looks like you're trying to use `tailwindcss` directly as a PostCSS plugin. The PostCSS plugin has moved to a separate package, so to continue using Tailwind CSS with PostCSS you'll need to install `@tailwindcss/postcss` and update your PostCSS configuration.
Generated code for E:\Hoc\CyberSec\think-dfirent.github.io\node_modules\css-loader\dist\cjs.js??ruleSet[1].rules[7].use[1]!E:\Hoc\CyberSec\think-dfirent.github.io\node_modules\postcss-loader\dist\cjs.js??ruleSet[1].rules[7].use[2]!E:\Hoc\CyberSec\think-dfirent.github.io\node_modules\@docusaurus\theme-classic\lib\theme\NavbarItem\DropdownNavbarItem\Mobile\styles.module.css

--------------------------

Error: It looks like you're trying to use `tailwindcss` directly as a PostCSS plugin. The PostCSS plugin has moved to a separate package, so to continue using Tailwind CSS with PostCSS you'll need to install `@tailwindcss/postcss` and update your PostCSS configuration.
-- inner error --
Error: It looks like you're trying to use `tailwindcss` directly as a PostCSS plugin. The PostCSS plugin has moved to a separate package, so to continue using Tailwind CSS with PostCSS you'll need to install `@tailwindcss/postcss` and update your PostCSS configuration.
Generated code for E:\Hoc\CyberSec\think-dfirent.github.io\node_modules\css-loader\dist\cjs.js??ruleSet[1].rules[7].use[1]!E:\Hoc\CyberSec\think-dfirent.github.io\node_modules\postcss-loader\dist\cjs.js??ruleSet[1].rules[7].use[2]!E:\Hoc\CyberSec\think-dfirent.github.io\node_modules\@docusaurus\theme-classic\lib\theme\NavbarItem\LocaleDropdownNavbarItem\styles.module.css

--------------------------

Error: It looks like you're trying to use `tailwindcss` directly as a PostCSS plugin. The PostCSS plugin has moved to a separate package, so to continue using Tailwind CSS with PostCSS you'll need to install `@tailwindcss/postcss` and update your PostCSS configuration.
-- inner error --
Error: It looks like you're trying to use `tailwindcss` directly as a PostCSS plugin. The PostCSS plugin has moved to a separate package, so to continue using Tailwind CSS with PostCSS you'll need to install `@tailwindcss/postcss` and update your PostCSS configuration.
Generated code for E:\Hoc\CyberSec\think-dfirent.github.io\node_modules\css-loader\dist\cjs.js??ruleSet[1].rules[7].use[1]!E:\Hoc\CyberSec\think-dfirent.github.io\node_modules\postcss-loader\dist\cjs.js??ruleSet[1].rules[7].use[2]!E:\Hoc\CyberSec\think-dfirent.github.io\node_modules\@docusaurus\theme-classic\lib\theme\Navbar\ColorModeToggle\styles.module.css

--------------------------

Error: It looks like you're trying to use `tailwindcss` directly as a PostCSS plugin. The PostCSS plugin has moved to a separate package, so to continue using Tailwind CSS with PostCSS you'll need to install `@tailwindcss/postcss` and update your PostCSS configuration.
-- inner error --
Error: It looks like you're trying to use `tailwindcss` directly as a PostCSS plugin. The PostCSS plugin has moved to a separate package, so to continue using Tailwind CSS with PostCSS you'll need to install `@tailwindcss/postcss` and update your PostCSS configuration.
Generated code for E:\Hoc\CyberSec\think-dfirent.github.io\node_modules\css-loader\dist\cjs.js??ruleSet[1].rules[7].use[1]!E:\Hoc\CyberSec\think-dfirent.github.io\node_modules\postcss-loader\dist\cjs.js??ruleSet[1].rules[7].use[2]!E:\Hoc\CyberSec\think-dfirent.github.io\node_modules\@docusaurus\theme-classic\lib\theme\Navbar\Content\styles.module.css

--------------------------

Error: It looks like you're trying to use `tailwindcss` directly as a PostCSS plugin. The PostCSS plugin has moved to a separate package, so to continue using Tailwind CSS with PostCSS you'll need to install `@tailwindcss/postcss` and update your PostCSS configuration.
-- inner error --
Error: It looks like you're trying to use `tailwindcss` directly as a PostCSS plugin. The PostCSS plugin has moved to a separate package, so to continue using Tailwind CSS with PostCSS you'll need to install `@tailwindcss/postcss` and update your PostCSS configuration.
Generated code for E:\Hoc\CyberSec\think-dfirent.github.io\node_modules\css-loader\dist\cjs.js??ruleSet[1].rules[7].use[1]!E:\Hoc\CyberSec\think-dfirent.github.io\node_modules\postcss-loader\dist\cjs.js??ruleSet[1].rules[7].use[2]!E:\Hoc\CyberSec\think-dfirent.github.io\node_modules\@docusaurus\theme-classic\lib\theme\Navbar\Layout\styles.module.css

--------------------------

Error: It looks like you're trying to use `tailwindcss` directly as a PostCSS plugin. The PostCSS plugin has moved to a separate package, so to continue using Tailwind CSS with PostCSS you'll need to install `@tailwindcss/postcss` and update your PostCSS configuration.
-- inner error --
Error: It looks like you're trying to use `tailwindcss` directly as a PostCSS plugin. The PostCSS plugin has moved to a separate package, so to continue using Tailwind CSS with PostCSS you'll need to install `@tailwindcss/postcss` and update your PostCSS configuration.
Generated code for E:\Hoc\CyberSec\think-dfirent.github.io\node_modules\css-loader\dist\cjs.js??ruleSet[1].rules[7].use[1]!E:\Hoc\CyberSec\think-dfirent.github.io\node_modules\postcss-loader\dist\cjs.js??ruleSet[1].rules[7].use[2]!E:\Hoc\CyberSec\think-dfirent.github.io\node_modules\@docusaurus\theme-classic\lib\theme\Navbar\Search\styles.module.css

--------------------------

Error: It looks like you're trying to use `tailwindcss` directly as a PostCSS plugin. The PostCSS plugin has moved to a separate package, so to continue using Tailwind CSS with PostCSS you'll need to install `@tailwindcss/postcss` and update your PostCSS configuration.
-- inner error --
Error: It looks like you're trying to use `tailwindcss` directly as a PostCSS plugin. The PostCSS plugin has moved to a separate package, so to continue using Tailwind CSS with PostCSS you'll need to install `@tailwindcss/postcss` and update your PostCSS configuration.
Generated code for E:\Hoc\CyberSec\think-dfirent.github.io\node_modules\css-loader\dist\cjs.js??ruleSet[1].rules[7].use[1]!E:\Hoc\CyberSec\think-dfirent.github.io\node_modules\postcss-loader\dist\cjs.js??ruleSet[1].rules[7].use[2]!E:\Hoc\CyberSec\think-dfirent.github.io\node_modules\@docusaurus\theme-classic\lib\theme\SkipToContent\styles.module.css

--------------------------

Error: It looks like you're trying to use `tailwindcss` directly as a PostCSS plugin. The PostCSS plugin has moved to a separate package, so to continue using Tailwind CSS with PostCSS you'll need to install `@tailwindcss/postcss` and update your PostCSS configuration.
-- inner error --
Error: It looks like you're trying to use `tailwindcss` directly as a PostCSS plugin. The PostCSS plugin has moved to a separate package, so to continue using Tailwind CSS with PostCSS you'll need to install `@tailwindcss/postcss` and update your PostCSS configuration.
Generated code for E:\Hoc\CyberSec\think-dfirent.github.io\node_modules\css-loader\dist\cjs.js??ruleSet[1].rules[7].use[1]!E:\Hoc\CyberSec\think-dfirent.github.io\node_modules\postcss-loader\dist\cjs.js??ruleSet[1].rules[7].use[2]!E:\Hoc\CyberSec\think-dfirent.github.io\node_modules\@docusaurus\theme-classic\lib\theme\TOCCollapsible\CollapseButton\styles.module.css

--------------------------

Error: It looks like you're trying to use `tailwindcss` directly as a PostCSS plugin. The PostCSS plugin has moved to a separate package, so to continue using Tailwind CSS with PostCSS you'll need to install `@tailwindcss/postcss` and update your PostCSS configuration.
-- inner error --
Error: It looks like you're trying to use `tailwindcss` directly as a PostCSS plugin. The PostCSS plugin has moved to a separate package, so to continue using Tailwind CSS with PostCSS you'll need to install `@tailwindcss/postcss` and update your PostCSS configuration.
Generated code for E:\Hoc\CyberSec\think-dfirent.github.io\node_modules\css-loader\dist\cjs.js??ruleSet[1].rules[7].use[1]!E:\Hoc\CyberSec\think-dfirent.github.io\node_modules\postcss-loader\dist\cjs.js??ruleSet[1].rules[7].use[2]!E:\Hoc\CyberSec\think-dfirent.github.io\node_modules\@docusaurus\theme-classic\lib\theme\TOCCollapsible\styles.module.css

--------------------------

Error: It looks like you're trying to use `tailwindcss` directly as a PostCSS plugin. The PostCSS plugin has moved to a separate package, so to continue using Tailwind CSS with PostCSS you'll need to install `@tailwindcss/postcss` and update your PostCSS configuration.
-- inner error --
Error: It looks like you're trying to use `tailwindcss` directly as a PostCSS plugin. The PostCSS plugin has moved to a separate package, so to continue using Tailwind CSS with PostCSS you'll need to install `@tailwindcss/postcss` and update your PostCSS configuration.
Generated code for E:\Hoc\CyberSec\think-dfirent.github.io\node_modules\css-loader\dist\cjs.js??ruleSet[1].rules[7].use[1]!E:\Hoc\CyberSec\think-dfirent.github.io\node_modules\postcss-loader\dist\cjs.js??ruleSet[1].rules[7].use[2]!E:\Hoc\CyberSec\think-dfirent.github.io\node_modules\@docusaurus\theme-classic\lib\theme\TOC\styles.module.css

--------------------------

Error: It looks like you're trying to use `tailwindcss` directly as a PostCSS plugin. The PostCSS plugin has moved to a separate package, so to continue using Tailwind CSS with PostCSS you'll need to install `@tailwindcss/postcss` and update your PostCSS configuration.
-- inner error --
Error: It looks like you're trying to use `tailwindcss` directly as a PostCSS plugin. The PostCSS plugin has moved to a separate package, so to continue using Tailwind CSS with PostCSS you'll need to install `@tailwindcss/postcss` and update your PostCSS configuration.
Generated code for E:\Hoc\CyberSec\think-dfirent.github.io\node_modules\css-loader\dist\cjs.js??ruleSet[1].rules[7].use[1]!E:\Hoc\CyberSec\think-dfirent.github.io\node_modules\postcss-loader\dist\cjs.js??ruleSet[1].rules[7].use[2]!E:\Hoc\CyberSec\think-dfirent.github.io\node_modules\@docusaurus\theme-classic\lib\theme\Tag\styles.module.css

--------------------------

Error: It looks like you're trying to use `tailwindcss` directly as a PostCSS plugin. The PostCSS plugin has moved to a separate package, so to continue using Tailwind CSS with PostCSS you'll need to install `@tailwindcss/postcss` and update your PostCSS configuration.
-- inner error --
Error: It looks like you're trying to use `tailwindcss` directly as a PostCSS plugin. The PostCSS plugin has moved to a separate package, so to continue using Tailwind CSS with PostCSS you'll need to install `@tailwindcss/postcss` and update your PostCSS configuration.
Generated code for E:\Hoc\CyberSec\think-dfirent.github.io\node_modules\css-loader\dist\cjs.js??ruleSet[1].rules[7].use[1]!E:\Hoc\CyberSec\think-dfirent.github.io\node_modules\postcss-loader\dist\cjs.js??ruleSet[1].rules[7].use[2]!E:\Hoc\CyberSec\think-dfirent.github.io\node_modules\@docusaurus\theme-classic\lib\theme\TagsListByLetter\styles.module.css

--------------------------

Error: It looks like you're trying to use `tailwindcss` directly as a PostCSS plugin. The PostCSS plugin has moved to a separate package, so to continue using Tailwind CSS with PostCSS you'll need to install `@tailwindcss/postcss` and update your PostCSS configuration.
-- inner error --
Error: It looks like you're trying to use `tailwindcss` directly as a PostCSS plugin. The PostCSS plugin has moved to a separate package, so to continue using Tailwind CSS with PostCSS you'll need to install `@tailwindcss/postcss` and update your PostCSS configuration.
Generated code for E:\Hoc\CyberSec\think-dfirent.github.io\node_modules\css-loader\dist\cjs.js??ruleSet[1].rules[7].use[1]!E:\Hoc\CyberSec\think-dfirent.github.io\node_modules\postcss-loader\dist\cjs.js??ruleSet[1].rules[7].use[2]!E:\Hoc\CyberSec\think-dfirent.github.io\node_modules\@docusaurus\theme-classic\lib\theme\TagsListInline\styles.module.css

--------------------------

Error: It looks like you're trying to use `tailwindcss` directly as a PostCSS plugin. The PostCSS plugin has moved to a separate package, so to continue using Tailwind CSS with PostCSS you'll need to install `@tailwindcss/postcss` and update your PostCSS configuration.
-- inner error --
Error: It looks like you're trying to use `tailwindcss` directly as a PostCSS plugin. The PostCSS plugin has moved to a separate package, so to continue using Tailwind CSS with PostCSS you'll need to install `@tailwindcss/postcss` and update your PostCSS configuration.
Generated code for E:\Hoc\CyberSec\think-dfirent.github.io\node_modules\css-loader\dist\cjs.js??ruleSet[1].rules[7].use[1]!E:\Hoc\CyberSec\think-dfirent.github.io\node_modules\postcss-loader\dist\cjs.js??ruleSet[1].rules[7].use[2]!E:\Hoc\CyberSec\think-dfirent.github.io\node_modules\@docusaurus\theme-common\lib\components\Details\styles.module.css

--------------------------

Error: It looks like you're trying to use `tailwindcss` directly as a PostCSS plugin. The PostCSS plugin has moved to a separate package, so to continue using Tailwind CSS with PostCSS you'll need to install `@tailwindcss/postcss` and update your PostCSS configuration.
-- inner error --
Error: It looks like you're trying to use `tailwindcss` directly as a PostCSS plugin. The PostCSS plugin has moved to a separate package, so to continue using Tailwind CSS with PostCSS you'll need to install `@tailwindcss/postcss` and update your PostCSS configuration.
Generated code for E:\Hoc\CyberSec\think-dfirent.github.io\node_modules\css-loader\dist\cjs.js??ruleSet[1].rules[7].use[1]!E:\Hoc\CyberSec\think-dfirent.github.io\node_modules\postcss-loader\dist\cjs.js??ruleSet[1].rules[7].use[2]!E:\Hoc\CyberSec\think-dfirent.github.io\node_modules\@docusaurus\theme-common\lib\components\ThemedComponent\styles.module.css

--------------------------

Error: It looks like you're trying to use `tailwindcss` directly as a PostCSS plugin. The PostCSS plugin has moved to a separate package, so to continue using Tailwind CSS with PostCSS you'll need to install `@tailwindcss/postcss` and update your PostCSS configuration.
-- inner error --
Error: It looks like you're trying to use `tailwindcss` directly as a PostCSS plugin. The PostCSS plugin has moved to a separate package, so to continue using Tailwind CSS with PostCSS you'll need to install `@tailwindcss/postcss` and update your PostCSS configuration.
Generated code for E:\Hoc\CyberSec\think-dfirent.github.io\node_modules\css-loader\dist\cjs.js??ruleSet[1].rules[7].use[1]!E:\Hoc\CyberSec\think-dfirent.github.io\node_modules\postcss-loader\dist\cjs.js??ruleSet[1].rules[7].use[2]!E:\Hoc\CyberSec\think-dfirent.github.io\node_modules\@docusaurus\theme-common\lib\utils\anchorUtils.module.css

--------------------------

Error: It looks like you're trying to use `tailwindcss` directly as a PostCSS plugin. The PostCSS plugin has moved to a separate package, so to continue using Tailwind CSS with PostCSS you'll need to install `@tailwindcss/postcss` and update your PostCSS configuration.
-- inner error --
Error: It looks like you're trying to use `tailwindcss` directly as a PostCSS plugin. The PostCSS plugin has moved to a separate package, so to continue using Tailwind CSS with PostCSS you'll need to install `@tailwindcss/postcss` and update your PostCSS configuration.
Generated code for E:\Hoc\CyberSec\think-dfirent.github.io\node_modules\css-loader\dist\cjs.js??ruleSet[1].rules[7].use[1]!E:\Hoc\CyberSec\think-dfirent.github.io\node_modules\postcss-loader\dist\cjs.js??ruleSet[1].rules[7].use[2]!E:\Hoc\CyberSec\think-dfirent.github.io\node_modules\@docusaurus\theme-common\lib\utils\errorBoundaryUtils.module.css
